This is pdfTeX, Version 3.14159265-2.6-1.40.16 (TeX Live 2015/Debian) (preloaded format=pdflatex 2018.8.1)  2 OCT 2018 09:19
entering extended mode
 restricted \write18 enabled.
 %&-line parsing enabled.
**manuscript.tex
(/home/nkapania/papers/journal/VSD2014/manuscript.tex
LaTeX2e <2016/02/01>
Babel <3.9q> and hyphenation patterns for 3 language(s) loaded.
(/home/nkapania/papers/journal/VSD2014/nVSD2e.cls
Document Class: nVSD2e 2014/10/27 v4.0 Vehicle System Dynamics LaTeX2e document
 class
\draftrule=\dimen102
\trimrule=\dimen103
\draftrule=\dimen104
\trimheight=\dimen105
\trimwidth=\dimen106
\typeheight=\dimen107
\typewidth=\dimen108
\normaltextheight=\dimen109
\blindfoliodrop=\dimen110
\tempdimen=\dimen111
\rhdraftruleheight=\dimen112
\tempbox=\box26
LaTeX Font Info:    Overwriting symbol font `operators' in version `normal'
(Font)                  OT1/cmr/m/n --> OT1/cmr/m/n on input line 223.
LaTeX Font Info:    Overwriting symbol font `letters' in version `normal'
(Font)                  OML/cmm/m/it --> OML/cmr/m/it on input line 224.
LaTeX Font Info:    Overwriting symbol font `symbols' in version `normal'
(Font)                  OMS/cmsy/m/n --> OMS/cmr/m/n on input line 225.
LaTeX Font Info:    Overwriting symbol font `largesymbols' in version `normal'
(Font)                  OMX/cmex/m/n --> OMX/cmr/m/n on input line 226.
LaTeX Font Info:    Overwriting math alphabet `\mathbf' in version `normal'
(Font)                  OT1/cmr/bx/n --> OT1/cmr/bx/n on input line 227.
LaTeX Font Info:    Overwriting math alphabet `\mathsf' in version `normal'
(Font)                  OT1/cmss/m/n --> OT1/cmss/m/n on input line 228.
LaTeX Font Info:    Overwriting math alphabet `\mathrm' in version `normal'
(Font)                  OT1/cmr/m/n --> OT1/cmr/m/n on input line 229.
LaTeX Font Info:    Overwriting math alphabet `\mathtt' in version `normal'
(Font)                  OT1/cmtt/m/n --> OT1/Courier/m/n on input line 230.
LaTeX Font Info:    Overwriting symbol font `operators' in version `bold'
(Font)                  OT1/cmr/bx/n --> OT1/cmr/bx/n on input line 232.
LaTeX Font Info:    Overwriting symbol font `symbols' in version `bold'
(Font)                  OMS/cmsy/b/n --> OMS/cmr/bx/n on input line 234.
LaTeX Font Info:    Overwriting symbol font `largesymbols' in version `bold'
(Font)                  OMX/cmex/m/n --> OMX/cmr/bx/n on input line 235.
LaTeX Font Info:    Overwriting math alphabet `\mathbf' in version `bold'
(Font)                  OT1/cmr/bx/n --> OT1/cmr/bx/n on input line 236.
LaTeX Font Info:    Overwriting math alphabet `\mathsf' in version `bold'
(Font)                  OT1/cmss/bx/n --> OT1/cmss/bx/n on input line 237.
LaTeX Font Info:    Overwriting math alphabet `\mathrm' in version `bold'
(Font)                  OT1/cmr/bx/n --> OT1/cmr/bx/n on input line 238.
LaTeX Font Info:    Overwriting math alphabet `\mathtt' in version `bold'
(Font)                  OT1/cmtt/m/n --> OT1/Courier/bx/n on input line 239.
LaTeX Font Info:    Overwriting math alphabet `\mathbb' in version `normal'
(Font)                  OT1/ams/bx/n --> OT1/ams/bx/n on input line 256.
LaTeX Font Info:    Overwriting math alphabet `\mathbb' in version `bold'
(Font)                  OT1/ams/bx/n --> OT1/ams/bx/n on input line 257.
\c@mv@upright=\count79
\c@mv@boldupright=\count80
LaTeX Font Info:    Overwriting symbol font `letters' in version `upright'
(Font)                  OML/cmm/m/it --> OML/eur/m/n on input line 289.
LaTeX Font Info:    Overwriting symbol font `letters' in version `boldupright'
(Font)                  OML/cmm/m/it --> OML/eur/b/n on input line 290.
\c@part=\count81
\c@section=\count82
\c@subsection=\count83
\c@subsubsection=\count84
\c@paragraph=\count85
\c@subparagraph=\count86
\LabelSep=\dimen113
\TopSep=\skip41
\enumbox=\box27
\enumwd=\dimen114
\unnummargin=\dimen115
\abovecaptionskip=\skip42
\belowcaptionskip=\skip43
\c@figure=\count87
\figheight=\dimen116
\figwidth=\dimen117
\c@table=\count88
\tabledim=\dimen118
\bibindent=\dimen119
\drafttextwidth=\dimen120
\trimrule=\dimen121
\varypageheight=\dimen122
(/usr/share/texlive/texmf-dist/tex/latex/amsfonts/amsfonts.sty
Package: amsfonts 2013/01/14 v3.01 Basic AMSFonts support
\@emptytoks=\toks14
\symAMSa=\mathgroup4
\symAMSb=\mathgroup5
LaTeX Font Info:    Overwriting math alphabet `\mathfrak' in version `bold'
(Font)                  U/euf/m/n --> U/euf/b/n on input line 106.
)
(/usr/share/texlive/texmf-dist/tex/latex/amsmath/amsmath.sty
Package: amsmath 2016/03/03 v2.15a AMS math features
\@mathmargin=\skip44

For additional information on amsmath, use the `?' option.
(/usr/share/texlive/texmf-dist/tex/latex/amsmath/amstext.sty
Package: amstext 2000/06/29 v2.01 AMS text

(/usr/share/texlive/texmf-dist/tex/latex/amsmath/amsgen.sty
File: amsgen.sty 1999/11/30 v2.0 generic functions
\@emptytoks=\toks15
\ex@=\dimen123
))
(/usr/share/texlive/texmf-dist/tex/latex/amsmath/amsbsy.sty
Package: amsbsy 1999/11/29 v1.2d Bold Symbols
\pmbraise@=\dimen124
)
(/usr/share/texlive/texmf-dist/tex/latex/amsmath/amsopn.sty
Package: amsopn 1999/12/14 v2.01 operator names
)
\inf@bad=\count89
LaTeX Info: Redefining \frac on input line 199.
\uproot@=\count90
\leftroot@=\count91
LaTeX Info: Redefining \overline on input line 297.
\classnum@=\count92
\DOTSCASE@=\count93
LaTeX Info: Redefining \ldots on input line 394.
LaTeX Info: Redefining \dots on input line 397.
LaTeX Info: Redefining \cdots on input line 518.
\Mathstrutbox@=\box28
\strutbox@=\box29
\big@size=\dimen125
LaTeX Font Info:    Redeclaring font encoding OML on input line 630.
LaTeX Font Info:    Redeclaring font encoding OMS on input line 631.
\macc@depth=\count94
\c@MaxMatrixCols=\count95
\dotsspace@=\muskip10
\c@parentequation=\count96
\dspbrk@lvl=\count97
\tag@help=\toks16
\row@=\count98
\column@=\count99
\maxfields@=\count100
\andhelp@=\toks17
\eqnshift@=\dimen126
\alignsep@=\dimen127
\tagshift@=\dimen128
\tagwidth@=\dimen129
\totwidth@=\dimen130
\lineht@=\dimen131
\@envbody=\toks18
\multlinegap=\skip45
\multlinetaggap=\skip46
\mathdisplay@stack=\toks19
LaTeX Info: Redefining \[ on input line 2735.
LaTeX Info: Redefining \] on input line 2736.
)
(/usr/share/texlive/texmf-dist/tex/latex/amsfonts/amssymb.sty
Package: amssymb 2013/01/14 v3.01 AMS font symbols
)
(/usr/share/texlive/texmf-dist/tex/latex/amscls/amsthm.sty
Package: amsthm 2015/03/04 v2.20.2
\thm@style=\toks20
\thm@bodyfont=\toks21
\thm@headfont=\toks22
\thm@notefont=\toks23
\thm@headpunct=\toks24
\thm@preskip=\skip47
\thm@postskip=\skip48
\thm@headsep=\skip49
\dth@everypar=\toks25
)
(/usr/share/texlive/texmf-dist/tex/latex/graphics/epsfig.sty
Package: epsfig 1999/02/16 v1.7a (e)psfig emulation (SPQR)

(/usr/share/texlive/texmf-dist/tex/latex/graphics/graphicx.sty
Package: graphicx 2014/10/28 v1.0g Enhanced LaTeX Graphics (DPC,SPQR)

(/usr/share/texlive/texmf-dist/tex/latex/graphics/keyval.sty
Package: keyval 2014/10/28 v1.15 key=value parser (DPC)
\KV@toks@=\toks26
)
(/usr/share/texlive/texmf-dist/tex/latex/graphics/graphics.sty
Package: graphics 2016/01/03 v1.0q Standard LaTeX Graphics (DPC,SPQR)

(/usr/share/texlive/texmf-dist/tex/latex/graphics/trig.sty
Package: trig 2016/01/03 v1.10 sin cos tan (DPC)
)
(/usr/share/texlive/texmf-dist/tex/latex/latexconfig/graphics.cfg
File: graphics.cfg 2010/04/23 v1.9 graphics configuration of TeX Live
)
Package graphics Info: Driver file: pdftex.def on input line 95.

(/usr/share/texlive/texmf-dist/tex/latex/pdftex-def/pdftex.def
File: pdftex.def 2011/05/27 v0.06d Graphics/color for pdfTeX

(/usr/share/texlive/texmf-dist/tex/generic/oberdiek/infwarerr.sty
Package: infwarerr 2010/04/08 v1.3 Providing info/warning/error messages (HO)
)
(/usr/share/texlive/texmf-dist/tex/generic/oberdiek/ltxcmds.sty
Package: ltxcmds 2011/11/09 v1.22 LaTeX kernel commands for general use (HO)
)
\Gread@gobject=\count101
))
\Gin@req@height=\dimen132
\Gin@req@width=\dimen133
)
\epsfxsize=\dimen134
\epsfysize=\dimen135
)
(/usr/share/texlive/texmf-dist/tex/latex/rotating/rotating.sty
Package: rotating 2009/03/28 v2.16a rotated objects in LaTeX

(/usr/share/texlive/texmf-dist/tex/latex/base/ifthen.sty
Package: ifthen 2014/09/29 v1.1c Standard LaTeX ifthen package (DPC)
)
\c@r@tfl@t=\count102
\rotFPtop=\skip50
\rotFPbot=\skip51
\rot@float@box=\box30
\rot@mess@toks=\toks27
)
(/usr/share/texlive/texmf-dist/tex/latex/natbib/natbib.sty
Package: natbib 2010/09/13 8.31b (PWD, AO)
\bibhang=\skip52
\bibsep=\skip53
LaTeX Info: Redefining \cite on input line 694.
\c@NAT@ctr=\count103
))
(/usr/share/texlive/texmf-dist/tex/latex/oberdiek/epstopdf.sty
Package: epstopdf 2010/02/09 v2.5 Conversion with epstopdf on the fly (HO)

(/usr/share/texlive/texmf-dist/tex/latex/oberdiek/epstopdf-base.sty
Package: epstopdf-base 2010/02/09 v2.5 Base part for package epstopdf

(/usr/share/texlive/texmf-dist/tex/latex/oberdiek/grfext.sty
Package: grfext 2010/08/19 v1.1 Manage graphics extensions (HO)

(/usr/share/texlive/texmf-dist/tex/generic/oberdiek/kvdefinekeys.sty
Package: kvdefinekeys 2011/04/07 v1.3 Define keys (HO)
))
(/usr/share/texlive/texmf-dist/tex/latex/oberdiek/kvoptions.sty
Package: kvoptions 2011/06/30 v3.11 Key value format for package options (HO)

(/usr/share/texlive/texmf-dist/tex/generic/oberdiek/kvsetkeys.sty
Package: kvsetkeys 2012/04/25 v1.16 Key value parser (HO)

(/usr/share/texlive/texmf-dist/tex/generic/oberdiek/etexcmds.sty
Package: etexcmds 2011/02/16 v1.5 Avoid name clashes with e-TeX commands (HO)

(/usr/share/texlive/texmf-dist/tex/generic/oberdiek/ifluatex.sty
Package: ifluatex 2010/03/01 v1.3 Provides the ifluatex switch (HO)
Package ifluatex Info: LuaTeX not detected.
)
Package etexcmds Info: Could not find \expanded.
(etexcmds)             That can mean that you are not using pdfTeX 1.50 or
(etexcmds)             that some package has redefined \expanded.
(etexcmds)             In the latter case, load this package earlier.
)))
(/usr/share/texlive/texmf-dist/tex/generic/oberdiek/pdftexcmds.sty
Package: pdftexcmds 2011/11/29 v0.20 Utility functions of pdfTeX for LuaTeX (HO
)

(/usr/share/texlive/texmf-dist/tex/generic/oberdiek/ifpdf.sty
Package: ifpdf 2011/01/30 v2.3 Provides the ifpdf switch (HO)
Package ifpdf Info: pdfTeX in PDF mode is detected.
)
Package pdftexcmds Info: LuaTeX not detected.
Package pdftexcmds Info: \pdf@primitive is available.
Package pdftexcmds Info: \pdf@ifprimitive is available.
Package pdftexcmds Info: \pdfdraftmode found.
)
Package grfext Info: Graphics extension search list:
(grfext)             [.png,.pdf,.jpg,.mps,.jpeg,.jbig2,.jb2,.PNG,.PDF,.JPG,.JPE
G,.JBIG2,.JB2,.eps]
(grfext)             \AppendGraphicsExtensions on input line 452.

(/usr/share/texlive/texmf-dist/tex/latex/latexconfig/epstopdf-sys.cfg
File: epstopdf-sys.cfg 2010/07/13 v1.3 Configuration of (r)epstopdf for TeX Liv
e
)))
(/usr/share/texlive/texmf-dist/tex/latex/subfigure/subfigure.sty
Package: subfigure 2002/03/15 v2.1.5 subfigure package
\subfigtopskip=\skip54
\subfigcapskip=\skip55
\subfigcaptopadj=\dimen136
\subfigbottomskip=\skip56
\subfigcapmargin=\dimen137
\subfiglabelskip=\skip57
\c@subfigure=\count104
\c@lofdepth=\count105
\c@subtable=\count106
\c@lotdepth=\count107

****************************************
* Local config file subfigure.cfg used *
****************************************
(/usr/share/texlive/texmf-dist/tex/latex/subfigure/subfigure.cfg)
\subfig@top=\skip58
\subfig@bottom=\skip59
)
\c@theorem=\count108
\c@definition=\count109
\c@remark=\count110

(/home/nkapania/papers/journal/VSD2014/manuscript.aux)
\openout1 = `manuscript.aux'.

LaTeX Font Info:    Checking defaults for OML/cmm/m/it on input line 21.
LaTeX Font Info:    ... okay on input line 21.
LaTeX Font Info:    Checking defaults for T1/cmr/m/n on input line 21.
LaTeX Font Info:    ... okay on input line 21.
LaTeX Font Info:    Checking defaults for OT1/cmr/m/n on input line 21.
LaTeX Font Info:    ... okay on input line 21.
LaTeX Font Info:    Checking defaults for OMS/cmsy/m/n on input line 21.
LaTeX Font Info:    ... okay on input line 21.
LaTeX Font Info:    Checking defaults for OMX/cmex/m/n on input line 21.
LaTeX Font Info:    ... okay on input line 21.
LaTeX Font Info:    Checking defaults for U/cmr/m/n on input line 21.
LaTeX Font Info:    ... okay on input line 21.

(/usr/share/texlive/texmf-dist/tex/context/base/supp-pdf.mkii
[Loading MPS to PDF converter (version 2006.09.02).]
\scratchcounter=\count111
\scratchdimen=\dimen138
\scratchbox=\box31
\nofMPsegments=\count112
\nofMParguments=\count113
\everyMPshowfont=\toks28
\MPscratchCnt=\count114
\MPscratchDim=\dimen139
\MPnumerator=\count115
\makeMPintoPDFobject=\count116
\everyMPtoPDFconversion=\toks29
)

LaTeX Font Warning: Font shape `OT1/cmr/m/n' in size <13> not available
(Font)              size <12> substituted on input line 35.


LaTeX Font Warning: Font shape `OT1/cmr/bx/n' in size <13> not available
(Font)              size <12> substituted on input line 35.

LaTeX Font Info:    Try loading font information for OML+cmr on input line 35.
(/usr/share/texlive/texmf-dist/tex/latex/base/omlcmr.fd
File: omlcmr.fd 2014/09/29 v2.5h Standard LaTeX font definitions
)
LaTeX Font Info:    Font shape `OML/cmr/m/it' in size <10> not available
(Font)              Font shape `OML/cmm/m/it' tried instead on input line 35.
LaTeX Font Info:    Font shape `OML/cmr/m/it' in size <7> not available
(Font)              Font shape `OML/cmm/m/it' tried instead on input line 35.
LaTeX Font Info:    Font shape `OML/cmr/m/it' in size <5> not available
(Font)              Font shape `OML/cmm/m/it' tried instead on input line 35.
LaTeX Font Info:    Try loading font information for OMS+cmr on input line 35.

(/usr/share/texlive/texmf-dist/tex/latex/base/omscmr.fd
File: omscmr.fd 2014/09/29 v2.5h Standard LaTeX font definitions
)
LaTeX Font Info:    Font shape `OMS/cmr/m/n' in size <10> not available
(Font)              Font shape `OMS/cmsy/m/n' tried instead on input line 35.
LaTeX Font Info:    Font shape `OMS/cmr/m/n' in size <7> not available
(Font)              Font shape `OMS/cmsy/m/n' tried instead on input line 35.
LaTeX Font Info:    Font shape `OMS/cmr/m/n' in size <5> not available
(Font)              Font shape `OMS/cmsy/m/n' tried instead on input line 35.
LaTeX Font Info:    Try loading font information for OMX+cmr on input line 35.
LaTeX Font Info:    No file OMXcmr.fd. on input line 35.


LaTeX Font Warning: Font shape `OMX/cmr/m/n' undefined
(Font)              using `OMX/cmex/m/n' instead on input line 35.

LaTeX Font Info:    Try loading font information for U+msa on input line 35.
(/usr/share/texlive/texmf-dist/tex/latex/amsfonts/umsa.fd
File: umsa.fd 2013/01/14 v3.01 AMS symbols A
)
LaTeX Font Info:    Try loading font information for U+msb on input line 35.

(/usr/share/texlive/texmf-dist/tex/latex/amsfonts/umsb.fd
File: umsb.fd 2013/01/14 v3.01 AMS symbols B
)
LaTeX Font Info:    Font shape `OML/cmr/m/it' in size <8> not available
(Font)              Font shape `OML/cmm/m/it' tried instead on input line 35.
LaTeX Font Info:    Font shape `OML/cmr/m/it' in size <6> not available
(Font)              Font shape `OML/cmm/m/it' tried instead on input line 35.
LaTeX Font Info:    Font shape `OMS/cmr/m/n' in size <8> not available
(Font)              Font shape `OMS/cmsy/m/n' tried instead on input line 35.
LaTeX Font Info:    Font shape `OMS/cmr/m/n' in size <6> not available
(Font)              Font shape `OMS/cmsy/m/n' tried instead on input line 35.
LaTeX Font Info:    Calculating math sizes for size <11> on input line 110.


LaTeX Font Warning: Font shape `OT1/cmr/m/n' in size <5.5> not available
(Font)              size <5> substituted on input line 110.

LaTeX Font Info:    Font shape `OML/cmr/m/it' in size <11> not available
(Font)              Font shape `OML/cmm/m/it' tried instead on input line 110.
LaTeX Font Info:    Font shape `OML/cmr/m/it' in size <7.69997> not available
(Font)              Font shape `OML/cmm/m/it' tried instead on input line 110.
LaTeX Font Info:    Font shape `OML/cmr/m/it' in size <5.5> not available
(Font)              Font shape `OML/cmm/m/it' tried instead on input line 110.

LaTeX Font Warning: Font shape `OML/cmm/m/it' in size <5.5> not available
(Font)              size <5> substituted on input line 110.

LaTeX Font Info:    Font shape `OMS/cmr/m/n' in size <11> not available
(Font)              Font shape `OMS/cmsy/m/n' tried instead on input line 110.
LaTeX Font Info:    Font shape `OMS/cmr/m/n' in size <7.69997> not available
(Font)              Font shape `OMS/cmsy/m/n' tried instead on input line 110.
LaTeX Font Info:    Font shape `OMS/cmr/m/n' in size <5.5> not available
(Font)              Font shape `OMS/cmsy/m/n' tried instead on input line 110.

LaTeX Font Warning: Font shape `OMS/cmsy/m/n' in size <5.5> not available
(Font)              size <5> substituted on input line 110.


Underfull \vbox (badness 10000) has occurred while \output is active []


Overfull \vbox (29.0pt too high) has occurred while \output is active []


Overfull \vbox (724.16875pt too high) has occurred while \output is active []


[1{/var/lib/texmf/fonts/map/pdftex/updmap/pdftex.map}


]
Underfull \vbox (badness 10000) has occurred while \output is active []


Underfull \vbox (badness 10000) has occurred while \output is active []


Overfull \vbox (29.0pt too high) has occurred while \output is active []


Overfull \vbox (724.16875pt too high) has occurred while \output is active []


[2] <figures/FB_FFW.png, id=23, 588.7596pt x 234.6366pt>
File: figures/FB_FFW.png Graphic file (type png)

<use figures/FB_FFW.png>
Package pdftex.def Info: figures/FB_FFW.png used on input line 171.
(pdftex.def)             Requested size: 315.0pt x 125.5347pt.

<figures/BikeModelSchematic.png, id=25, 1475.5125pt x 525.46312pt>
File: figures/BikeModelSchematic.png Graphic file (type png)

<use figures/BikeModelSchematic.png>
Package pdftex.def Info: figures/BikeModelSchematic.png used on input line 195.

(pdftex.def)             Requested size: 377.99744pt x 134.6127pt.


LaTeX Warning: `h' float specifier changed to `ht'.


Underfull \vbox (badness 10000) has occurred while \output is active []


Overfull \vbox (29.0pt too high) has occurred while \output is active []


Overfull \vbox (724.16875pt too high) has occurred while \output is active []


[3 </home/nkapania/papers/journal/VSD2014/figures/FB_FFW.png>]
Underfull \vbox (badness 10000) has occurred while \output is active []


Overfull \vbox (29.0pt too high) has occurred while \output is active []


Overfull \vbox (724.16875pt too high) has occurred while \output is active []


[4 </home/nkapania/papers/journal/VSD2014/figures/BikeModelSchematic.png>]
Underfull \vbox (badness 2253) has occurred while \output is active []


Underfull \vbox (badness 10000) has occurred while \output is active []


Overfull \vbox (29.0pt too high) has occurred while \output is active []


Overfull \vbox (724.16875pt too high) has occurred while \output is active []


[5]
Package epstopdf Info: Source file: <figures/FrontRearTireCurves.eps>
(epstopdf)                    date: 2018-08-01 17:06:04
(epstopdf)                    size: 79131 bytes
(epstopdf)             Output file: <figures/FrontRearTireCurves-eps-converted-
to.pdf>
(epstopdf)                    date: 2018-08-01 17:06:04
(epstopdf)                    size: 163568 bytes
(epstopdf)             Command: <repstopdf --outfile=figures/FrontRearTireCurve
s-eps-converted-to.pdf figures/FrontRearTireCurves.eps>
(epstopdf)             \includegraphics on input line 297.
Package epstopdf Info: Output file is already uptodate.

<figures/FrontRearTireCurves-eps-converted-to.pdf, id=43, 452.69125pt x 252.945
pt>
File: figures/FrontRearTireCurves-eps-converted-to.pdf Graphic file (type pdf)
 <use figures/FrontRearTireCurves-eps-converted-to.pdf>
Package pdftex.def Info: figures/FrontRearTireCurves-eps-converted-to.pdf used 
on input line 297.
(pdftex.def)             Requested size: 357.00256pt x 199.47699pt.

<figures/LookaheadSchematic.png, id=44, 782.925pt x 567.62062pt>
File: figures/LookaheadSchematic.png Graphic file (type png)

<use figures/LookaheadSchematic.png>
Package pdftex.def Info: figures/LookaheadSchematic.png used on input line 310.

(pdftex.def)             Requested size: 210.0pt x 152.24625pt.

Underfull \vbox (badness 10000) has occurred while \output is active []


Overfull \vbox (29.0pt too high) has occurred while \output is active []


Overfull \vbox (724.16875pt too high) has occurred while \output is active []


[6 </home/nkapania/papers/journal/VSD2014/figures/FrontRearTireCurves-eps-conve
rted-to.pdf> </home/nkapania/papers/journal/VSD2014/figures/LookaheadSchematic.
png>]
Package epstopdf Info: Source file: <figures/LinearErrorPlot.eps>
(epstopdf)                    date: 2018-08-01 17:06:04
(epstopdf)                    size: 15623 bytes
(epstopdf)             Output file: <figures/LinearErrorPlot-eps-converted-to.p
df>
(epstopdf)                    date: 2018-08-01 17:06:04
(epstopdf)                    size: 6407 bytes
(epstopdf)             Command: <repstopdf --outfile=figures/LinearErrorPlot-ep
s-converted-to.pdf figures/LinearErrorPlot.eps>
(epstopdf)             \includegraphics on input line 369.
Package epstopdf Info: Output file is already uptodate.

<figures/LinearErrorPlot-eps-converted-to.pdf, id=56, 446.66875pt x 597.23125pt
>
File: figures/LinearErrorPlot-eps-converted-to.pdf Graphic file (type pdf)
 <use figures/LinearErrorPlot-eps-converted-to.pdf>
Package pdftex.def Info: figures/LinearErrorPlot-eps-converted-to.pdf used on i
nput line 369.
(pdftex.def)             Requested size: 293.99872pt x 393.10762pt.

Underfull \vbox (badness 10000) has occurred while \output is active []


Overfull \vbox (29.0pt too high) has occurred while \output is active []


Overfull \vbox (724.16875pt too high) has occurred while \output is active []


[7] <figures/SSerror.png, id=61, 1025.33063pt x 591.71063pt>
File: figures/SSerror.png Graphic file (type png)

<use figures/SSerror.png>
Package pdftex.def Info: figures/SSerror.png used on input line 382.
(pdftex.def)             Requested size: 272.99744pt x 157.54292pt.


LaTeX Warning: `h' float specifier changed to `ht'.


Underfull \vbox (badness 10000) has occurred while \output is active []


Overfull \vbox (29.0pt too high) has occurred while \output is active []


Overfull \vbox (724.16875pt too high) has occurred while \output is active []


[8 </home/nkapania/papers/journal/VSD2014/figures/LinearErrorPlot-eps-converted
-to.pdf>]
Package epstopdf Info: Source file: <figures/LinearErrorPlotBeta.eps>
(epstopdf)                    date: 2018-08-01 17:06:04
(epstopdf)                    size: 13503 bytes
(epstopdf)             Output file: <figures/LinearErrorPlotBeta-eps-converted-
to.pdf>
(epstopdf)                    date: 2018-08-01 17:06:04
(epstopdf)                    size: 6893 bytes
(epstopdf)             Command: <repstopdf --outfile=figures/LinearErrorPlotBet
a-eps-converted-to.pdf figures/LinearErrorPlotBeta.eps>
(epstopdf)             \includegraphics on input line 427.
Package epstopdf Info: Output file is already uptodate.

<figures/LinearErrorPlotBeta-eps-converted-to.pdf, id=70, 404.51125pt x 285.065
pt>
File: figures/LinearErrorPlotBeta-eps-converted-to.pdf Graphic file (type pdf)
 <use figures/LinearErrorPlotBeta-eps-converted-to.pdf>
Package pdftex.def Info: figures/LinearErrorPlotBeta-eps-converted-to.pdf used 
on input line 427.
(pdftex.def)             Requested size: 231.00128pt x 162.79321pt.

Underfull \vbox (badness 10000) has occurred while \output is active []


Overfull \vbox (29.0pt too high) has occurred while \output is active []


Overfull \vbox (724.16875pt too high) has occurred while \output is active []


[9 </home/nkapania/papers/journal/VSD2014/figures/SSerror.png> </home/nkapania/
papers/journal/VSD2014/figures/LinearErrorPlotBeta-eps-converted-to.pdf>]

LaTeX Warning: File `figures/rLocus.eps' not found on input line 446.

Package epstopdf Info: Source file: <figures/rLocus.eps>
(epstopdf)             Output file: <figures/rLocus-eps-converted-to.pdf>
(epstopdf)                    date: 2018-08-01 17:06:04
(epstopdf)                    size: 14895 bytes
(epstopdf)             Command: <repstopdf --outfile=figures/rLocus-eps-convert
ed-to.pdf figures/rLocus.eps>
(epstopdf)             \includegraphics on input line 446.
Package epstopdf Info: Output file is already uptodate.
<figures/rLocus-eps-converted-to.pdf, id=81, 274.02374pt x 435.6275pt>
File: figures/rLocus-eps-converted-to.pdf Graphic file (type pdf)

<use figures/rLocus-eps-converted-to.pdf>
Package pdftex.def Info: figures/rLocus-eps-converted-to.pdf used on input line
 446.
(pdftex.def)             Requested size: 231.00128pt x 367.24074pt.
Package epstopdf Info: Source file: <figures/VcrPlot.eps>
(epstopdf)                    date: 2018-08-01 17:06:04
(epstopdf)                    size: 18021 bytes
(epstopdf)             Output file: <figures/VcrPlot-eps-converted-to.pdf>
(epstopdf)                    date: 2018-08-01 17:06:04
(epstopdf)                    size: 7759 bytes
(epstopdf)             Command: <repstopdf --outfile=figures/VcrPlot-eps-conver
ted-to.pdf figures/VcrPlot.eps>
(epstopdf)             \includegraphics on input line 459.
Package epstopdf Info: Output file is already uptodate.

<figures/VcrPlot-eps-converted-to.pdf, id=82, 387.4475pt x 299.1175pt>
File: figures/VcrPlot-eps-converted-to.pdf Graphic file (type pdf)

<use figures/VcrPlot-eps-converted-to.pdf>
Package pdftex.def Info: figures/VcrPlot-eps-converted-to.pdf used on input lin
e 459.
(pdftex.def)             Requested size: 315.0pt x 243.19211pt.


LaTeX Warning: `h' float specifier changed to `ht'.


Underfull \vbox (badness 10000) has occurred while \output is active []


Overfull \vbox (29.0pt too high) has occurred while \output is active []


Overfull \vbox (724.16875pt too high) has occurred while \output is active []


[10 </home/nkapania/papers/journal/VSD2014/figures/rLocus-eps-converted-to.pdf>
]
Underfull \vbox (badness 10000) has occurred while \output is active []


Overfull \vbox (29.0pt too high) has occurred while \output is active []


Overfull \vbox (724.16875pt too high) has occurred while \output is active []


[11 </home/nkapania/papers/journal/VSD2014/figures/VcrPlot-eps-converted-to.pdf
>]
Package epstopdf Info: Source file: <figures/FFWplot.eps>
(epstopdf)                    date: 2018-08-01 17:06:04
(epstopdf)                    size: 33825 bytes
(epstopdf)             Output file: <figures/FFWplot-eps-converted-to.pdf>
(epstopdf)                    date: 2018-08-01 17:06:04
(epstopdf)                    size: 22500 bytes
(epstopdf)             Command: <repstopdf --outfile=figures/FFWplot-eps-conver
ted-to.pdf figures/FFWplot.eps>
(epstopdf)             \includegraphics on input line 517.
Package epstopdf Info: Output file is already uptodate.
 <figures/FFWplot-eps-converted-to.pdf, id=102, 421.575pt x 316.18124pt>
File: figures/FFWplot-eps-converted-to.pdf Graphic file (type pdf)

<use figures/FFWplot-eps-converted-to.pdf>
Package pdftex.def Info: figures/FFWplot-eps-converted-to.pdf used on input lin
e 517.
(pdftex.def)             Requested size: 315.0pt x 236.25246pt.

Underfull \vbox (badness 10000) has occurred while \output is active []


Overfull \vbox (29.0pt too high) has occurred while \output is active []


Overfull \vbox (724.16875pt too high) has occurred while \output is active []


[12 </home/nkapania/papers/journal/VSD2014/figures/FFWplot-eps-converted-to.pdf
>] <figures/experimentInfo.jpg, id=111, 647.41875pt x 350.30875pt>
File: figures/experimentInfo.jpg Graphic file (type jpg)

<use figures/experimentInfo.jpg>
Package pdftex.def Info: figures/experimentInfo.jpg used on input line 541.
(pdftex.def)             Requested size: 315.0pt x 170.4394pt.
Package epstopdf Info: Source file: <figures/racingLine.eps>
(epstopdf)                    date: 2018-08-01 17:06:04
(epstopdf)                    size: 400807 bytes
(epstopdf)             Output file: <figures/racingLine-eps-converted-to.pdf>
(epstopdf)                    date: 2018-08-01 17:06:04
(epstopdf)                    size: 102104 bytes
(epstopdf)             Command: <repstopdf --outfile=figures/racingLine-eps-con
verted-to.pdf figures/racingLine.eps>
(epstopdf)             \includegraphics on input line 572.
Package epstopdf Info: Output file is already uptodate.

<figures/racingLine-eps-converted-to.pdf, id=112, 345.29pt x 390.45876pt>
File: figures/racingLine-eps-converted-to.pdf Graphic file (type pdf)

<use figures/racingLine-eps-converted-to.pdf>
Package pdftex.def Info: figures/racingLine-eps-converted-to.pdf used on input 
line 572.
(pdftex.def)             Requested size: 315.0pt x 356.2117pt.


LaTeX Warning: `h' float specifier changed to `ht'.

Package epstopdf Info: Source file: <figures/traj.eps>
(epstopdf)                    date: 2018-08-01 17:06:04
(epstopdf)                    size: 294473 bytes
(epstopdf)             Output file: <figures/traj-eps-converted-to.pdf>
(epstopdf)                    date: 2018-08-01 17:06:04
(epstopdf)                    size: 71141 bytes
(epstopdf)             Command: <repstopdf --outfile=figures/traj-eps-converted
-to.pdf figures/traj.eps>
(epstopdf)             \includegraphics on input line 579.
Package epstopdf Info: Output file is already uptodate.
<figures/traj-eps-converted-to.pdf, id=113, 677.53125pt x 311.1625pt>
File: figures/traj-eps-converted-to.pdf Graphic file (type pdf)

<use figures/traj-eps-converted-to.pdf>
Package pdftex.def Info: figures/traj-eps-converted-to.pdf used on input line 5
79.
(pdftex.def)             Requested size: 336.00128pt x 154.3179pt.


LaTeX Warning: `h' float specifier changed to `ht'.


Underfull \vbox (badness 10000) has occurred while \output is active []


Overfull \vbox (29.0pt too high) has occurred while \output is active []


Overfull \vbox (724.16875pt too high) has occurred while \output is active []


[13 </home/nkapania/papers/journal/VSD2014/figures/experimentInfo.jpg>]
Underfull \vbox (badness 10000) has occurred while \output is active []


Overfull \vbox (29.0pt too high) has occurred while \output is active []


Overfull \vbox (724.16875pt too high) has occurred while \output is active []


[14 </home/nkapania/papers/journal/VSD2014/figures/racingLine-eps-converted-to.
pdf> </home/nkapania/papers/journal/VSD2014/figures/traj-eps-converted-to.pdf>]
Package epstopdf Info: Source file: <figures/wipeout.eps>
(epstopdf)                    date: 2018-08-01 17:06:04
(epstopdf)                    size: 417874 bytes
(epstopdf)             Output file: <figures/wipeout-eps-converted-to.pdf>
(epstopdf)                    date: 2018-08-01 17:06:04
(epstopdf)                    size: 109700 bytes
(epstopdf)             Command: <repstopdf --outfile=figures/wipeout-eps-conver
ted-to.pdf figures/wipeout.eps>
(epstopdf)             \includegraphics on input line 603.
Package epstopdf Info: Output file is already uptodate.
<figures/wipeout-eps-converted-to.pdf, id=141, 498.86375pt x 512.91624pt>
File: figures/wipeout-eps-converted-to.pdf Graphic file (type pdf)

<use figures/wipeout-eps-converted-to.pdf>
Package pdftex.def Info: figures/wipeout-eps-converted-to.pdf used on input lin
e 603.
(pdftex.def)             Requested size: 377.99744pt x 388.65425pt.

Underfull \vbox (badness 10000) has occurred while \output is active []


Overfull \vbox (29.0pt too high) has occurred while \output is active []


Overfull \vbox (724.16875pt too high) has occurred while \output is active []


[15 </home/nkapania/papers/journal/VSD2014/figures/wipeout-eps-converted-to.pdf
>]
Package epstopdf Info: Source file: <figures/betaCompensation.eps>
(epstopdf)                    date: 2018-08-01 17:06:04
(epstopdf)                    size: 1329832 bytes
(epstopdf)             Output file: <figures/betaCompensation-eps-converted-to.
pdf>
(epstopdf)                    date: 2018-08-01 17:06:04
(epstopdf)                    size: 267856 bytes
(epstopdf)             Command: <repstopdf --outfile=figures/betaCompensation-e
ps-converted-to.pdf figures/betaCompensation.eps>
(epstopdf)             \includegraphics on input line 627.
Package epstopdf Info: Output file is already uptodate.

<figures/betaCompensation-eps-converted-to.pdf, id=155, 462.72874pt x 518.93875
pt>
File: figures/betaCompensation-eps-converted-to.pdf Graphic file (type pdf)
 <use figures/betaCompensation-eps-converted-to.pdf>
Package pdftex.def Info: figures/betaCompensation-eps-converted-to.pdf used on 
input line 627.
(pdftex.def)             Requested size: 420.0pt x 471.0235pt.

Underfull \vbox (badness 10000) has occurred while \output is active []


Overfull \vbox (29.0pt too high) has occurred while \output is active []


Overfull \vbox (724.16875pt too high) has occurred while \output is active []


[16 </home/nkapania/papers/journal/VSD2014/figures/betaCompensation-eps-convert
ed-to.pdf>]
Package epstopdf Info: Source file: <figures/errhist.eps>
(epstopdf)                    date: 2018-08-01 17:06:04
(epstopdf)                    size: 42786 bytes
(epstopdf)             Output file: <figures/errhist-eps-converted-to.pdf>
(epstopdf)                    date: 2018-08-01 17:06:04
(epstopdf)                    size: 11693 bytes
(epstopdf)             Command: <repstopdf --outfile=figures/errhist-eps-conver
ted-to.pdf figures/errhist.eps>
(epstopdf)             \includegraphics on input line 643.
Package epstopdf Info: Output file is already uptodate.

<figures/errhist-eps-converted-to.pdf, id=169, 867.24pt x 574.145pt>
File: figures/errhist-eps-converted-to.pdf Graphic file (type pdf)

<use figures/errhist-eps-converted-to.pdf>
Package pdftex.def Info: figures/errhist-eps-converted-to.pdf used on input lin
e 643.
(pdftex.def)             Requested size: 420.0pt x 278.05699pt.
Package epstopdf Info: Source file: <figures/atTheLimits.eps>
(epstopdf)                    date: 2018-08-01 17:06:04
(epstopdf)                    size: 1324882 bytes
(epstopdf)             Output file: <figures/atTheLimits-eps-converted-to.pdf>
(epstopdf)                    date: 2018-08-01 17:06:04
(epstopdf)                    size: 264752 bytes
(epstopdf)             Command: <repstopdf --outfile=figures/atTheLimits-eps-co
nverted-to.pdf figures/atTheLimits.eps>
(epstopdf)             \includegraphics on input line 662.
Package epstopdf Info: Output file is already uptodate.

<figures/atTheLimits-eps-converted-to.pdf, id=170, 529.98pt x 493.845pt>
File: figures/atTheLimits-eps-converted-to.pdf Graphic file (type pdf)

<use figures/atTheLimits-eps-converted-to.pdf>
Package pdftex.def Info: figures/atTheLimits-eps-converted-to.pdf used on input
 line 662.
(pdftex.def)             Requested size: 420.0pt x 391.36908pt.


LaTeX Warning: `h' float specifier changed to `ht'.


Underfull \vbox (badness 10000) has occurred while \output is active []


Overfull \vbox (29.0pt too high) has occurred while \output is active []


Overfull \vbox (724.16875pt too high) has occurred while \output is active []


[17 </home/nkapania/papers/journal/VSD2014/figures/errhist-eps-converted-to.pdf
>]
Underfull \vbox (badness 10000) has occurred while \output is active []


Overfull \vbox (29.0pt too high) has occurred while \output is active []


Overfull \vbox (724.16875pt too high) has occurred while \output is active []


[18 </home/nkapania/papers/journal/VSD2014/figures/atTheLimits-eps-converted-to
.pdf>]
Underfull \hbox (badness 1067) in paragraph at lines 693--704
\OT1/cmr/m/n/10.95 anal-y-sis quan-ti-ta-tively in-di-cate that the im-proved f
eed-for-ward com-mand re-duces
 []


Underfull \hbox (badness 10000) in paragraph at lines 693--704

 []

(/home/nkapania/papers/journal/VSD2014/manuscript.bbl
LaTeX Font Info:    Font shape `OML/cmr/m/it' in size <9> not available
(Font)              Font shape `OML/cmm/m/it' tried instead on input line 21.
LaTeX Font Info:    Font shape `OMS/cmr/m/n' in size <9> not available
(Font)              Font shape `OMS/cmsy/m/n' tried instead on input line 21.

Underfull \vbox (badness 10000) has occurred while \output is active []


Overfull \vbox (29.0pt too high) has occurred while \output is active []


Overfull \vbox (724.16875pt too high) has occurred while \output is active []


[19])
Underfull \vbox (badness 10000) has occurred while \output is active []


Overfull \vbox (29.0pt too high) has occurred while \output is active []


Overfull \vbox (724.16875pt too high) has occurred while \output is active []


[20] (/home/nkapania/papers/journal/VSD2014/manuscript.aux)

LaTeX Font Warning: Size substitutions with differences
(Font)              up to 1.0pt have occurred.


LaTeX Font Warning: Some font shapes were not available, defaults substituted.

 ) 
Here is how much of TeX's memory you used:
 3564 strings out of 494953
 47894 string characters out of 6180978
 107152 words of memory out of 5000000
 6762 multiletter control sequences out of 15000+600000
 15443 words of font info for 60 fonts, out of 8000000 for 9000
 14 hyphenation exceptions out of 8191
 42i,15n,30p,371b,284s stack positions out of 5000i,500n,10000p,200000b,80000s
</usr/share/texlive/texmf-dist/fonts/type1/public/amsfonts/cm/cmbx10.pfb></us
r/share/texlive/texmf-dist/fonts/type1/public/amsfonts/cm/cmbx12.pfb></usr/shar
e/texlive/texmf-dist/fonts/type1/public/amsfonts/cm/cmbx9.pfb></usr/share/texli
ve/texmf-dist/fonts/type1/public/amsfonts/cm/cmbxti10.pfb></usr/share/texlive/t
exmf-dist/fonts/type1/public/amsfonts/cm/cmex10.pfb></usr/share/texlive/texmf-d
ist/fonts/type1/public/amsfonts/cm/cmmi10.pfb></usr/share/texlive/texmf-dist/fo
nts/type1/public/amsfonts/cm/cmmi5.pfb></usr/share/texlive/texmf-dist/fonts/typ
e1/public/amsfonts/cm/cmmi6.pfb></usr/share/texlive/texmf-dist/fonts/type1/publ
ic/amsfonts/cm/cmmi7.pfb></usr/share/texlive/texmf-dist/fonts/type1/public/amsf
onts/cm/cmmi8.pfb></usr/share/texlive/texmf-dist/fonts/type1/public/amsfonts/cm
/cmmi9.pfb></usr/share/texlive/texmf-dist/fonts/type1/public/amsfonts/cm/cmr10.
pfb></usr/share/texlive/texmf-dist/fonts/type1/public/amsfonts/cm/cmr5.pfb></us
r/share/texlive/texmf-dist/fonts/type1/public/amsfonts/cm/cmr6.pfb></usr/share/
texlive/texmf-dist/fonts/type1/public/amsfonts/cm/cmr7.pfb></usr/share/texlive/
texmf-dist/fonts/type1/public/amsfonts/cm/cmr8.pfb></usr/share/texlive/texmf-di
st/fonts/type1/public/amsfonts/cm/cmr9.pfb></usr/share/texlive/texmf-dist/fonts
/type1/public/amsfonts/cm/cmsy10.pfb></usr/share/texlive/texmf-dist/fonts/type1
/public/amsfonts/cm/cmsy6.pfb></usr/share/texlive/texmf-dist/fonts/type1/public
/amsfonts/cm/cmsy7.pfb></usr/share/texlive/texmf-dist/fonts/type1/public/amsfon
ts/cm/cmsy8.pfb></usr/share/texlive/texmf-dist/fonts/type1/public/amsfonts/cm/c
mti10.pfb></usr/share/texlive/texmf-dist/fonts/type1/public/amsfonts/cm/cmti8.p
fb>
Output written on /home/nkapania/papers/journal/VSD2014/manuscript.pdf (20 page
s, 1623901 bytes).
PDF statistics:
 272 PDF objects out of 1000 (max. 8388607)
 184 compressed objects within 2 object streams
 0 named destinations out of 1000 (max. 500000)
 86 words of extra memory for PDF output out of 10000 (max. 10000000)

